<?xml version="1.0" encoding="UTF-8"?>
<testsuite xmlns:xsi="http://www.w3.org/2001/XMLSchema-instance" xsi:noNamespaceSchemaLocation="https://maven.apache.org/surefire/maven-surefire-plugin/xsd/surefire-test-report.xsd" name="TestSuite" time="6.655" tests="4" errors="0" skipped="0" failures="1">
  <properties>
    <property name="java.specification.version" value="15"/>
    <property name="sun.cpu.isalist" value="amd64"/>
    <property name="sun.jnu.encoding" value="Cp1252"/>
    <property name="java.class.path" value="C:\Users\Kajal Shele\eclipse-workspace\StringTesting\target\test-classes;C:\Users\Kajal Shele\eclipse-workspace\StringTesting\target\classes;C:\Users\Kajal Shele\.m2\repository\org\testng\testng\7.4.0\testng-7.4.0.jar;C:\Users\Kajal Shele\.m2\repository\com\beust\jcommander\1.78\jcommander-1.78.jar;C:\Users\Kajal Shele\.m2\repository\org\webjars\jquery\3.5.1\jquery-3.5.1.jar;"/>
    <property name="java.vm.vendor" value="Oracle Corporation"/>
    <property name="sun.arch.data.model" value="64"/>
    <property name="user.variant" value=""/>
    <property name="java.vendor.url" value="https://java.oracle.com/"/>
    <property name="user.timezone" value="Asia/Calcutta"/>
    <property name="os.name" value="Windows 10"/>
    <property name="java.vm.specification.version" value="15"/>
    <property name="sun.java.launcher" value="SUN_STANDARD"/>
    <property name="user.country" value="IN"/>
    <property name="sun.boot.library.path" value="C:\Program Files\Java\jdk-15.0.1\bin"/>
    <property name="sun.java.command" value="C:\Users\KAJALS~1\AppData\Local\Temp\surefire15208450548119554146\surefirebooter14972591148536248183.jar C:\Users\Kajal Shele\AppData\Local\Temp\surefire15208450548119554146 2021-04-21T12-20-40_324-jvmRun1 surefire15846559401873736075tmp surefire_011419228348932534636tmp"/>
    <property name="jdk.debug" value="release"/>
    <property name="surefire.test.class.path" value="C:\Users\Kajal Shele\eclipse-workspace\StringTesting\target\test-classes;C:\Users\Kajal Shele\eclipse-workspace\StringTesting\target\classes;C:\Users\Kajal Shele\.m2\repository\org\testng\testng\7.4.0\testng-7.4.0.jar;C:\Users\Kajal Shele\.m2\repository\com\beust\jcommander\1.78\jcommander-1.78.jar;C:\Users\Kajal Shele\.m2\repository\org\webjars\jquery\3.5.1\jquery-3.5.1.jar;"/>
    <property name="sun.cpu.endian" value="little"/>
    <property name="user.home" value="C:\Users\Kajal Shele"/>
    <property name="user.language" value="en"/>
    <property name="java.specification.vendor" value="Oracle Corporation"/>
    <property name="java.version.date" value="2020-10-20"/>
    <property name="java.home" value="C:\Program Files\Java\jdk-15.0.1"/>
    <property name="file.separator" value="\"/>
    <property name="basedir" value="C:\Users\Kajal Shele\eclipse-workspace\StringTesting"/>
    <property name="java.vm.compressedOopsMode" value="32-bit"/>
    <property name="line.separator" value="&#10;"/>
    <property name="java.vm.specification.vendor" value="Oracle Corporation"/>
    <property name="java.specification.name" value="Java Platform API Specification"/>
    <property name="surefire.real.class.path" value="C:\Users\KAJALS~1\AppData\Local\Temp\surefire15208450548119554146\surefirebooter14972591148536248183.jar"/>
    <property name="user.script" value=""/>
    <property name="sun.management.compiler" value="HotSpot 64-Bit Tiered Compilers"/>
    <property name="java.runtime.version" value="15.0.1+9-18"/>
    <property name="user.name" value="Kajal Shele"/>
    <property name="path.separator" value=";"/>
    <property name="os.version" value="10.0"/>
    <property name="java.runtime.name" value="Java(TM) SE Runtime Environment"/>
    <property name="file.encoding" value="Cp1252"/>
    <property name="java.vm.name" value="Java HotSpot(TM) 64-Bit Server VM"/>
    <property name="localRepository" value="C:\Users\Kajal Shele\.m2\repository"/>
    <property name="java.vendor.url.bug" value="https://bugreport.java.com/bugreport/"/>
    <property name="java.io.tmpdir" value="C:\Users\KAJALS~1\AppData\Local\Temp\"/>
    <property name="java.version" value="15.0.1"/>
    <property name="user.dir" value="C:\Users\Kajal Shele\eclipse-workspace\StringTesting"/>
    <property name="os.arch" value="amd64"/>
    <property name="java.vm.specification.name" value="Java Virtual Machine Specification"/>
    <property name="sun.os.patch.level" value=""/>
    <property name="java.library.path" value="C:\Program Files\Java\jdk-15.0.1\bin;C:\WINDOWS\Sun\Java\bin;C:\WINDOWS\system32;C:\WINDOWS;C:\Program Files\Common Files\Oracle\Java\javapath;C:\Program Files (x86)\Common Files\Oracle\Java\javapath;C:\WINDOWS\system32;C:\WINDOWS;C:\WINDOWS\System32\Wbem;C:\WINDOWS\System32\WindowsPowerShell\v1.0\;C:\WINDOWS\System32\OpenSSH\;C:\Users\Kajal Shele\Documents\apache-maven-3.6.3\bin;C:\Program Files\Java\jdk-15.0.1\bin;C:\Program Files\Git\cmd;C:\Users\Kajal Shele\OneDrive\Documents\Course_Notes\apache-maven-3.8.1-bin\apache-maven-3.8.1\bin;C:\Program Files\MySQL\MySQL Shell 8.0\bin\;C:\Users\Kajal Shele\AppData\Local\Microsoft\WindowsApps;C:\Users\Kajal Shele\OneDrive\Documents\apache-maven-3.6.3\bin;C:\Program Files\Java\jdk-15.0.1\bin;;C:\Users\Kajal Shele\AppData\Local\Programs\Microsoft VS Code\bin;."/>
    <property name="java.vm.info" value="mixed mode, sharing"/>
    <property name="java.vendor" value="Oracle Corporation"/>
    <property name="java.vm.version" value="15.0.1+9-18"/>
    <property name="sun.io.unicode.encoding" value="UnicodeLittle"/>
    <property name="java.class.version" value="59.0"/>
  </properties>
  <testcase name="concatNullString" classname="QualityKioskTraining.StringTesting.TestCase" time="0.036">
    <failure message="expected [Not a String value] but found [null null]" type="java.lang.AssertionError">java.lang.AssertionError: expected [Not a String value] but found [null null]
	at QualityKioskTraining.StringTesting.TestCase.concatNullString(TestCase.java:59)
</failure>
    <system-out><![CDATA[[TestNGContentHandler] [WARN] It is strongly recommended to add "<!DOCTYPE suite SYSTEM "https://testng.org/testng-1.0.dtd" >" at the top of the suite file [C:\Users\Kajal Shele\eclipse-workspace\StringTesting\ConcatStringTestCases.xml] otherwise TestNG may fail or not work as expected.
]]></system-out>
  </testcase>
  <testcase name="concatWithString" classname="QualityKioskTraining.StringTesting.TestCase" time="0"/>
  <testcase name="concatWithString" classname="QualityKioskTraining.StringTesting.TestCase" time="0.001"/>
  <testcase name="concatNumbers" classname="QualityKioskTraining.StringTesting.TestCase" time="0.001"/>
</testsuite>